2020-10-21 14:03:35,017 :INFO :BaseClass :Raul
2020-10-21 14:03:35,017 :INFO :BaseClass :RaulRaulAcademy.com
2020-10-21 14:03:50,255 :INFO :BaseClass :Raul
2020-10-21 14:03:50,256 :INFO :BaseClass :RaulRaulAcademy.com
2020-10-21 14:14:04,977 :INFO :test_editProfile :Raul
2020-10-21 14:14:04,978 :INFO :test_editProfile :RaulRaulAcademy.com
2020-10-21 20:47:56,122 :INFO :test_editProfile :Raul
2020-10-21 20:47:56,122 :INFO :test_editProfile :RaulRaulAcademy.com
2020-10-21 20:47:56,125 :INFO :test_logging :Information statement
2020-10-21 20:47:56,125 :WARNING :test_logging :something is in warning mode
2020-10-21 20:47:56,125 :ERROR :test_logging :A major error has happend
2020-10-21 20:47:56,125 :CRITICAL :test_logging :Critical issue
2020-10-21 21:07:45,312 :INFO :test_editProfile :Raul
2020-10-21 21:07:45,312 :INFO :test_editProfile :RaulRaulAcademy.com
2020-10-21 21:07:45,314 :INFO :test_logging :Information statement
2020-10-21 21:07:45,314 :WARNING :test_logging :something is in warning mode
2020-10-21 21:07:45,314 :ERROR :test_logging :A major error has happend
2020-10-21 21:07:45,314 :CRITICAL :test_logging :Critical issue
2020-11-01 17:33:35,759 :INFO :test_editProfile :Raul
2020-11-01 17:33:35,759 :INFO :test_editProfile :RaulRaulAcademy.com
2020-11-01 17:33:35,761 :INFO :test_logging :Information statement
2020-11-01 17:33:35,761 :WARNING :test_logging :something is in warning mode
2020-11-01 17:33:35,761 :ERROR :test_logging :A major error has happend
2020-11-01 17:33:35,761 :CRITICAL :test_logging :Critical issue
